1521991881390	geckodriver	INFO	geckodriver 0.20.0
1521991881395	geckodriver	INFO	Listening on 127.0.0.1:64892
1521991881507	mozrunner::runner	INFO	Running command: "/Applications/Firefox.app/Contents/MacOS/firefox-bin" "-marionette" "-profile" "/var/folders/v1/3z7bt9gs527g9x1r5r9ny1gw0000gn/T/rust_mozprofile.L9bwhD4ASR25"
1521991882154	Marionette	INFO	Enabled via --marionette
2018-03-25 23:31:23.442 plugin-container[58473:17878052] *** CFMessagePort: bootstrap_register(): failed 1100 (0x44c) 'Permission denied', port = 0xa23f, name = 'com.apple.tsm.portname'
See /usr/include/servers/bootstrap_defs.h for the error codes.
2018-03-25 23:31:23.861 plugin-container[58473:17878052] *** CFMessagePort: bootstrap_register(): failed 1100 (0x44c) 'Permission denied', port = 0xa2d7, name = 'com.apple.coredrag'
See /usr/include/servers/bootstrap_defs.h for the error codes.
2018-03-25 23:31:24.144 firefox-bin[58472:17877924] IMKInputSession [0x12cd52b80 presentFunctionRowItemTextInputViewWithEndpoint:completionHandler:] : [self textInputContext]=0x12cd390a0 *NO* NSRemoteViewController to client, NSError=Error Domain=NSCocoaErrorDomain Code=4097 "connection from pid 0" UserInfo={NSDebugDescription=connection from pid 0}, com.apple.inputmethod.EmojiFunctionRowItem
2018-03-25 23:31:27.684 firefox-bin[58472:17877924] IMKInputSession [0x12cd52b80 presentFunctionRowItemTextInputViewWithEndpoint:completionHandler:] : [self textInputContext]=0x12cd390a0 *NO* NSRemoteViewController to client, NSError=Error Domain=NSCocoaErrorDomain Code=4097 "connection from pid 0" UserInfo={NSDebugDescription=connection from pid 0}, com.apple.inputmethod.EmojiFunctionRowItem
1521991887950	Marionette	INFO	Listening on port 64896
2018-03-25 23:31:28.157 plugin-container[58474:17878161] *** CFMessagePort: bootstrap_register(): failed 1100 (0x44c) 'Permission denied', port = 0x9e3f, name = 'com.apple.tsm.portname'
See /usr/include/servers/bootstrap_defs.h for the error codes.
2018-03-25 23:31:28.306 plugin-container[58474:17878161] *** CFMessagePort: bootstrap_register(): failed 1100 (0x44c) 'Permission denied', port = 0x9da7, name = 'com.apple.coredrag'
See /usr/include/servers/bootstrap_defs.h for the error codes.
1521991888844	Marionette	WARN	TLS certificate errors will be ignored for this session
2018-03-25 23:31:29.249 firefox-bin[58472:17877924] IMKInputSession [0x12cd52b80 presentFunctionRowItemTextInputViewWithEndpoint:completionHandler:] : [self textInputContext]=0x12cd390a0 *NO* NSRemoteViewController to client, NSError=Error Domain=NSCocoaErrorDomain Code=4097 "connection from pid 0" UserInfo={NSDebugDescription=connection from pid 0}, com.apple.inputmethod.EmojiFunctionRowItem
JavaScript error: https://ss1.bdstatic.com/5eN1bjq8AAUYm2zgoY3K/r/www/cache/static/protocol/https/plugins/every_cookie_mac_82990d4.js, line 4: ReferenceError: c is not defined
2018-03-25 23:31:29.889 firefox-bin[58472:17877924] IMKInputSession [0x12cd52b80 presentFunctionRowItemTextInputViewWithEndpoint:completionHandler:] : [self textInputContext]=0x12cd390a0 *NO* NSRemoteViewController to client, NSError=Error Domain=NSCocoaErrorDomain Code=4097 "connection from pid 0" UserInfo={NSDebugDescription=connection from pid 0}, com.apple.inputmethod.EmojiFunctionRowItem
*** UTM:SVC TimerManager:registerTimer called after profile-before-change notification. Ignoring timer registration for id: telemetry_modules_ping
1521991895208	geckodriver::marionette	ERROR	Failed to stop browser process
1521991895251	geckodriver	INFO	geckodriver 0.20.0
1521991895256	geckodriver	INFO	Listening on 127.0.0.1:64987
1521991895363	mozrunner::runner	INFO	Running command: "/Applications/Firefox.app/Contents/MacOS/firefox-bin" "-marionette" "-profile" "/var/folders/v1/3z7bt9gs527g9x1r5r9ny1gw0000gn/T/rust_mozprofile.nOZDxB3Fr8sY"
1521991896065	Marionette	INFO	Enabled via --marionette
2018-03-25 23:31:36.944 plugin-container[58493:17878500] *** CFMessagePort: bootstrap_register(): failed 1100 (0x44c) 'Permission denied', port = 0xa143, name = 'com.apple.tsm.portname'
See /usr/include/servers/bootstrap_defs.h for the error codes.
2018-03-25 23:31:37.096 plugin-container[58493:17878500] *** CFMessagePort: bootstrap_register(): failed 1100 (0x44c) 'Permission denied', port = 0xa1df, name = 'com.apple.coredrag'
See /usr/include/servers/bootstrap_defs.h for the error codes.
1521991897308	Marionette	INFO	Listening on port 64991
1521991897800	Marionette	WARN	TLS certificate errors will be ignored for this session
2018-03-25 23:31:37.833 plugin-container[58494:17878573] *** CFMessagePort: bootstrap_register(): failed 1100 (0x44c) 'Permission denied', port = 0xa03f, name = 'com.apple.tsm.portname'
See /usr/include/servers/bootstrap_defs.h for the error codes.
2018-03-25 23:31:37.981 plugin-container[58494:17878573] *** CFMessagePort: bootstrap_register(): failed 1100 (0x44c) 'Permission denied', port = 0x1d13, name = 'com.apple.coredrag'
See /usr/include/servers/bootstrap_defs.h for the error codes.
JavaScript error: https://ss1.bdstatic.com/5eN1bjq8AAUYm2zgoY3K/r/www/cache/static/protocol/https/plugins/every_cookie_mac_82990d4.js, line 4: ReferenceError: c is not defined
JavaScript error: https://sp0.baidu.com/5a1Fazu8AA54nxGko9WTAnF6hhy/su?wd=%E7%99%BE%E5%BA%A6&json=1&p=3&sid=1448_18195_21127_18560_26038&csor=2&pwd=%E7%99%BE&cb=jQuery110207109676618454008_1521991898097&_=1521991898100, line 1: TypeError: jQuery110207109676618454008_1521991898097 is not a function
JavaScript error: https://sp0.baidu.com/5a1Fazu8AA54nxGko9WTAnF6hhy/su?wd=%E7%99%BE&json=1&p=3&sid=1448_18195_21127_18560_26038&csor=1&cb=jQuery110207109676618454008_1521991898097&_=1521991898099, line 1: TypeError: jQuery110207109676618454008_1521991898097 is not a function
JavaScript error: https://sp0.baidu.com/5a1Fazu8AA54nxGko9WTAnF6hhy/su?wd=%E7%99%BE%E5%BA%A6%E4%B8%80&json=1&p=3&sid=1448_18195_21127_18560_26038&csor=3&pwd=%E7%99%BE%E5%BA%A6&cb=jQuery110207109676618454008_1521991898097&_=1521991898101, line 1: TypeError: jQuery110207109676618454008_1521991898097 is not a function
JavaScript error: https://sp0.baidu.com/5a1Fazu8AA54nxGko9WTAnF6hhy/su?wd=%E7%99%BE%E5%BA%A6%E4%B8%80%E4%B8%8B&json=1&p=3&sid=1448_18195_21127_18560_26038&csor=4&pwd=%E7%99%BE%E5%BA%A6%E4%B8%80&cb=jQuery110207109676618454008_1521991898097&_=1521991898102, line 1: TypeError: jQuery110207109676618454008_1521991898097 is not a function
*** UTM:SVC TimerManager:registerTimer called after profile-before-change notification. Ignoring timer registration for id: telemetry_modules_ping
1521991902810	geckodriver::marionette	ERROR	Failed to stop browser process
